2022-07-16 10:37:21.420  INFO 17212 --- [restartedMain] c.y.lesson.CompanyFrameApplication       : Starting CompanyFrameApplication on DESKTOP-CEN2VU5 with PID 17212 (D:\conpanyframe\target\classes started by Lenovo in D:\conpanyframe)
2022-07-16 10:37:21.424 DEBUG 17212 --- [restartedMain] c.y.lesson.CompanyFrameApplication       : Running with Spring Boot v2.1.6.RELEASE, Spring v5.1.8.RELEASE
2022-07-16 10:37:21.425  INFO 17212 --- [restartedMain] c.y.lesson.CompanyFrameApplication       : No active profile set, falling back to default profiles: default
2022-07-16 10:37:21.468  INFO 17212 --- [restartedMain] .e.DevToolsPropertyDefaultsPostProcessor : Devtools property defaults active! Set 'spring.devtools.add-properties' to 'false' to disable
2022-07-16 10:37:21.469  INFO 17212 --- [restartedMain] .e.DevToolsPropertyDefaultsPostProcessor : For additional web related logging consider setting the 'logging.level.web' property to 'DEBUG'
2022-07-16 10:37:22.250  INFO 17212 --- [restartedMain] .s.d.r.c.RepositoryConfigurationDelegate : Multiple Spring Data modules found, entering strict repository configuration mode!
2022-07-16 10:37:22.251  INFO 17212 --- [restartedMain] .s.d.r.c.RepositoryConfigurationDelegate : Bootstrapping Spring Data repositories in DEFAULT mode.
2022-07-16 10:37:22.278  INFO 17212 --- [restartedMain] .s.d.r.c.RepositoryConfigurationDelegate : Finished Spring Data repository scanning in 16ms. Found 0 repository interfaces.
2022-07-16 10:37:22.496  INFO 17212 --- [restartedMain] trationDelegate$BeanPostProcessorChecker : Bean 'org.springframework.transaction.annotation.ProxyTransactionManagementConfiguration' of type [org.springframework.transaction.annotation.ProxyTransactionManagementConfiguration$$EnhancerBySpringCGLIB$$14cc89f] is not eligible for getting processed by all BeanPostProcessors (for example: not eligible for auto-proxying)
2022-07-16 10:37:22.574  INFO 17212 --- [restartedMain] trationDelegate$BeanPostProcessorChecker : Bean 'shiroConfig' of type [com.yingxue.lesson.config.ShiroConfig$$EnhancerBySpringCGLIB$$e0f814a5] is not eligible for getting processed by all BeanPostProcessors (for example: not eligible for auto-proxying)
2022-07-16 10:37:22.877  INFO 17212 --- [restartedMain] trationDelegate$BeanPostProcessorChecker : Bean 'redisConfig' of type [com.yingxue.lesson.config.RedisConfig$$EnhancerBySpringCGLIB$$2bc69bef] is not eligible for getting processed by all BeanPostProcessors (for example: not eligible for auto-proxying)
2022-07-16 10:37:22.901  INFO 17212 --- [restartedMain] trationDelegate$BeanPostProcessorChecker : Bean 'spring.redis-org.springframework.boot.autoconfigure.data.redis.RedisProperties' of type [org.springframework.boot.autoconfigure.data.redis.RedisProperties] is not eligible for getting processed by all BeanPostProcessors (for example: not eligible for auto-proxying)
2022-07-16 10:37:22.904  INFO 17212 --- [restartedMain] trationDelegate$BeanPostProcessorChecker : Bean 'org.springframework.boot.autoconfigure.data.redis.LettuceConnectionConfiguration' of type [org.springframework.boot.autoconfigure.data.redis.LettuceConnectionConfiguration$$EnhancerBySpringCGLIB$$166686e9] is not eligible for getting processed by all BeanPostProcessors (for example: not eligible for auto-proxying)
2022-07-16 10:37:22.955  INFO 17212 --- [restartedMain] trationDelegate$BeanPostProcessorChecker : Bean 'lettuceClientResources' of type [io.lettuce.core.resource.DefaultClientResources] is not eligible for getting processed by all BeanPostProcessors (for example: not eligible for auto-proxying)
2022-07-16 10:37:23.040  INFO 17212 --- [restartedMain] trationDelegate$BeanPostProcessorChecker : Bean 'redisConnectionFactory' of type [org.springframework.data.redis.connection.lettuce.LettuceConnectionFactory] is not eligible for getting processed by all BeanPostProcessors (for example: not eligible for auto-proxying)
2022-07-16 10:37:23.052  INFO 17212 --- [restartedMain] trationDelegate$BeanPostProcessorChecker : Bean 'redisTemplate' of type [org.springframework.data.redis.core.RedisTemplate] is not eligible for getting processed by all BeanPostProcessors (for example: not eligible for auto-proxying)
2022-07-16 10:37:23.061  INFO 17212 --- [restartedMain] trationDelegate$BeanPostProcessorChecker : Bean 'redisService' of type [com.yingxue.lesson.service.RedisService] is not eligible for getting processed by all BeanPostProcessors (for example: not eligible for auto-proxying)
2022-07-16 10:37:23.062  INFO 17212 --- [restartedMain] trationDelegate$BeanPostProcessorChecker : Bean 'customHashedCredentialsMatcher' of type [com.yingxue.lesson.shiro.CustomHashedCredentialsMatcher] is not eligible for getting processed by all BeanPostProcessors (for example: not eligible for auto-proxying)
2022-07-16 10:37:23.064  INFO 17212 --- [restartedMain] trationDelegate$BeanPostProcessorChecker : Bean 'cacheManager' of type [com.yingxue.lesson.shiro.ShiroCacheManager] is not eligible for getting processed by all BeanPostProcessors (for example: not eligible for auto-proxying)
2022-07-16 10:37:23.080  INFO 17212 --- [restartedMain] trationDelegate$BeanPostProcessorChecker : Bean 'mybatis-org.mybatis.spring.boot.autoconfigure.MybatisProperties' of type [org.mybatis.spring.boot.autoconfigure.MybatisProperties] is not eligible for getting processed by all BeanPostProcessors (for example: not eligible for auto-proxying)
2022-07-16 10:37:23.084  INFO 17212 --- [restartedMain] trationDelegate$BeanPostProcessorChecker : Bean 'org.mybatis.spring.boot.autoconfigure.MybatisAutoConfiguration' of type [org.mybatis.spring.boot.autoconfigure.MybatisAutoConfiguration$$EnhancerBySpringCGLIB$$342119cf] is not eligible for getting processed by all BeanPostProcessors (for example: not eligible for auto-proxying)
2022-07-16 10:37:23.086  INFO 17212 --- [restartedMain] trationDelegate$BeanPostProcessorChecker : Bean 'com.alibaba.druid.spring.boot.autoconfigure.DruidDataSourceAutoConfigure' of type [com.alibaba.druid.spring.boot.autoconfigure.DruidDataSourceAutoConfigure$$EnhancerBySpringCGLIB$$1af8be11] is not eligible for getting processed by all BeanPostProcessors (for example: not eligible for auto-proxying)
2022-07-16 10:37:23.087  INFO 17212 --- [restartedMain] c.a.d.s.b.a.DruidDataSourceAutoConfigure : Init DruidDataSource
2022-07-16 10:37:23.119  INFO 17212 --- [restartedMain] trationDelegate$BeanPostProcessorChecker : Bean 'spring.datasource-org.springframework.boot.autoconfigure.jdbc.DataSourceProperties' of type [org.springframework.boot.autoconfigure.jdbc.DataSourceProperties] is not eligible for getting processed by all BeanPostProcessors (for example: not eligible for auto-proxying)
2022-07-16 10:37:23.125  INFO 17212 --- [restartedMain] trationDelegate$BeanPostProcessorChecker : Bean 'com.alibaba.druid.spring.boot.autoconfigure.stat.DruidFilterConfiguration' of type [com.alibaba.druid.spring.boot.autoconfigure.stat.DruidFilterConfiguration] is not eligible for getting processed by all BeanPostProcessors (for example: not eligible for auto-proxying)
2022-07-16 10:37:23.139  INFO 17212 --- [restartedMain] trationDelegate$BeanPostProcessorChecker : Bean 'statFilter' of type [com.alibaba.druid.filter.stat.StatFilter] is not eligible for getting processed by all BeanPostProcessors (for example: not eligible for auto-proxying)
2022-07-16 10:37:23.346  INFO 17212 --- [restartedMain] com.alibaba.druid.pool.DruidDataSource   : {dataSource-1} inited
2022-07-16 10:37:23.347  INFO 17212 --- [restartedMain] trationDelegate$BeanPostProcessorChecker : Bean 'dataSource' of type [com.alibaba.druid.spring.boot.autoconfigure.DruidDataSourceWrapper] is not eligible for getting processed by all BeanPostProcessors (for example: not eligible for auto-proxying)
2022-07-16 10:37:23.360  INFO 17212 --- [restartedMain] trationDelegate$BeanPostProcessorChecker : Bean 'org.springframework.boot.autoconfigure.jdbc.DataSourceInitializerInvoker' of type [org.springframework.boot.autoconfigure.jdbc.DataSourceInitializerInvoker] is not eligible for getting processed by all BeanPostProcessors (for example: not eligible for auto-proxying)
2022-07-16 10:37:23.522  INFO 17212 --- [restartedMain] trationDelegate$BeanPostProcessorChecker : Bean 'sqlSessionFactory' of type [org.apache.ibatis.session.defaults.DefaultSqlSessionFactory] is not eligible for getting processed by all BeanPostProcessors (for example: not eligible for auto-proxying)
2022-07-16 10:37:23.526  INFO 17212 --- [restartedMain] trationDelegate$BeanPostProcessorChecker : Bean 'sqlSessionTemplate' of type [org.mybatis.spring.SqlSessionTemplate] is not eligible for getting processed by all BeanPostProcessors (for example: not eligible for auto-proxying)
2022-07-16 10:37:23.527  INFO 17212 --- [restartedMain] trationDelegate$BeanPostProcessorChecker : Bean 'sysRoleMapper' of type [org.mybatis.spring.mapper.MapperFactoryBean] is not eligible for getting processed by all BeanPostProcessors (for example: not eligible for auto-proxying)
2022-07-16 10:37:23.528  INFO 17212 --- [restartedMain] trationDelegate$BeanPostProcessorChecker : Bean 'sysRoleMapper' of type [com.sun.proxy.$Proxy88] is not eligible for getting processed by all BeanPostProcessors (for example: not eligible for auto-proxying)
2022-07-16 10:37:23.531  INFO 17212 --- [restartedMain] trationDelegate$BeanPostProcessorChecker : Bean 'sysRolePermissionMapper' of type [org.mybatis.spring.mapper.MapperFactoryBean] is not eligible for getting processed by all BeanPostProcessors (for example: not eligible for auto-proxying)
2022-07-16 10:37:23.532  INFO 17212 --- [restartedMain] trationDelegate$BeanPostProcessorChecker : Bean 'sysRolePermissionMapper' of type [com.sun.proxy.$Proxy90] is not eligible for getting processed by all BeanPostProcessors (for example: not eligible for auto-proxying)
2022-07-16 10:37:23.532  INFO 17212 --- [restartedMain] trationDelegate$BeanPostProcessorChecker : Bean 'rolePermissionServiceImpl' of type [com.yingxue.lesson.service.impl.RolePermissionServiceImpl] is not eligible for getting processed by all BeanPostProcessors (for example: not eligible for auto-proxying)
2022-07-16 10:37:23.535  INFO 17212 --- [restartedMain] trationDelegate$BeanPostProcessorChecker : Bean 'sysPermissionMapper' of type [org.mybatis.spring.mapper.MapperFactoryBean] is not eligible for getting processed by all BeanPostProcessors (for example: not eligible for auto-proxying)
2022-07-16 10:37:23.536  INFO 17212 --- [restartedMain] trationDelegate$BeanPostProcessorChecker : Bean 'sysPermissionMapper' of type [com.sun.proxy.$Proxy91] is not eligible for getting processed by all BeanPostProcessors (for example: not eligible for auto-proxying)
2022-07-16 10:37:23.539  INFO 17212 --- [restartedMain] trationDelegate$BeanPostProcessorChecker : Bean 'sysUserRoleMapper' of type [org.mybatis.spring.mapper.MapperFactoryBean] is not eligible for getting processed by all BeanPostProcessors (for example: not eligible for auto-proxying)
2022-07-16 10:37:23.539  INFO 17212 --- [restartedMain] trationDelegate$BeanPostProcessorChecker : Bean 'sysUserRoleMapper' of type [com.sun.proxy.$Proxy92] is not eligible for getting processed by all BeanPostProcessors (for example: not eligible for auto-proxying)
2022-07-16 10:37:23.540  INFO 17212 --- [restartedMain] trationDelegate$BeanPostProcessorChecker : Bean 'userRoleServiceImpl' of type [com.yingxue.lesson.service.impl.UserRoleServiceImpl] is not eligible for getting processed by all BeanPostProcessors (for example: not eligible for auto-proxying)
2022-07-16 10:37:23.555  INFO 17212 --- [restartedMain] trationDelegate$BeanPostProcessorChecker : Bean 'tokenSetting' of type [com.yingxue.lesson.utils.TokenSetting$$EnhancerBySpringCGLIB$$9555c1d2] is not eligible for getting processed by all BeanPostProcessors (for example: not eligible for auto-proxying)
2022-07-16 10:37:23.555  INFO 17212 --- [restartedMain] trationDelegate$BeanPostProcessorChecker : Bean 'permissionServiceImpl' of type [com.yingxue.lesson.service.impl.PermissionServiceImpl] is not eligible for getting processed by all BeanPostProcessors (for example: not eligible for auto-proxying)
2022-07-16 10:37:23.559  INFO 17212 --- [restartedMain] trationDelegate$BeanPostProcessorChecker : Bean 'roleServiceImpl' of type [com.yingxue.lesson.service.impl.RoleServiceImpl] is not eligible for getting processed by all BeanPostProcessors (for example: not eligible for auto-proxying)
2022-07-16 10:37:23.562  INFO 17212 --- [restartedMain] trationDelegate$BeanPostProcessorChecker : Bean 'customRealm' of type [com.yingxue.lesson.shiro.CustomRealm] is not eligible for getting processed by all BeanPostProcessors (for example: not eligible for auto-proxying)
2022-07-16 10:37:23.566  INFO 17212 --- [restartedMain] trationDelegate$BeanPostProcessorChecker : Bean 'securityManager' of type [org.apache.shiro.web.mgt.DefaultWebSecurityManager] is not eligible for getting processed by all BeanPostProcessors (for example: not eligible for auto-proxying)
2022-07-16 10:37:23.572  INFO 17212 --- [restartedMain] trationDelegate$BeanPostProcessorChecker : Bean 'authorizationAttributeSourceAdvisor' of type [org.apache.shiro.spring.security.interceptor.AuthorizationAttributeSourceAdvisor] is not eligible for getting processed by all BeanPostProcessors (for example: not eligible for auto-proxying)
2022-07-16 10:37:23.773  INFO 17212 --- [restartedMain] o.s.b.w.embedded.tomcat.TomcatWebServer  : Tomcat initialized with port(s): 8080 (http)
2022-07-16 10:37:23.787  INFO 17212 --- [restartedMain] o.apache.catalina.core.StandardService   : Starting service [Tomcat]
2022-07-16 10:37:23.787  INFO 17212 --- [restartedMain] org.apache.catalina.core.StandardEngine  : Starting Servlet engine: [Apache Tomcat/9.0.21]
2022-07-16 10:37:23.863  INFO 17212 --- [restartedMain] o.a.c.c.C.[Tomcat].[localhost].[/]       : Initializing Spring embedded WebApplicationContext
2022-07-16 10:37:23.863  INFO 17212 --- [restartedMain] o.s.web.context.ContextLoader            : Root WebApplicationContext: initialization completed in 2394 ms
2022-07-16 10:37:24.282  INFO 17212 --- [restartedMain] pertySourcedRequestMappingHandlerMapping : Mapped URL path [/v2/api-docs] onto method [public org.springframework.http.ResponseEntity<springfox.documentation.spring.web.json.Json> springfox.documentation.swagger2.web.Swagger2Controller.getDocumentation(java.lang.String,javax.servlet.http.HttpServletRequest)]
2022-07-16 10:37:24.410  INFO 17212 --- [restartedMain] o.s.s.concurrent.ThreadPoolTaskExecutor  : Initializing ExecutorService 'applicationTaskExecutor'
2022-07-16 10:37:24.453  INFO 17212 --- [restartedMain] o.s.b.d.a.OptionalLiveReloadServer       : LiveReload server is running on port 35729
2022-07-16 10:37:24.747  INFO 17212 --- [restartedMain] d.s.w.p.DocumentationPluginsBootstrapper : Context refreshed
2022-07-16 10:37:24.759  INFO 17212 --- [restartedMain] d.s.w.p.DocumentationPluginsBootstrapper : Found 1 custom documentation plugin(s)
2022-07-16 10:37:24.784  INFO 17212 --- [restartedMain] s.d.s.w.s.ApiListingReferenceScanner     : Scanning for api listing references
2022-07-16 10:37:24.918  INFO 17212 --- [restartedMain] .d.s.w.r.o.CachingOperationNameGenerator : Generating unique operation named: pageInfoUsingPOST_1
2022-07-16 10:37:24.932  INFO 17212 --- [restartedMain] .d.s.w.r.o.CachingOperationNameGenerator : Generating unique operation named: detailInfoUsingGET_1
2022-07-16 10:37:24.937  INFO 17212 --- [restartedMain] .d.s.w.r.o.CachingOperationNameGenerator : Generating unique operation named: logoutUsingGET_1
2022-07-16 10:37:24.941  INFO 17212 --- [restartedMain] .d.s.w.r.o.CachingOperationNameGenerator : Generating unique operation named: pageInfoUsingPOST_2
2022-07-16 10:37:24.979  INFO 17212 --- [restartedMain] o.s.b.w.embedded.tomcat.TomcatWebServer  : Tomcat started on port(s): 8080 (http) with context path ''
2022-07-16 10:37:24.981  INFO 17212 --- [restartedMain] c.y.lesson.CompanyFrameApplication       : Started CompanyFrameApplication in 3.838 seconds (JVM running for 4.461)
2022-07-16 10:37:26.460  INFO 17212 --- [http-nio-8080-exec-1] o.a.c.c.C.[Tomcat].[localhost].[/]       : Initializing Spring DispatcherServlet 'dispatcherServlet'
2022-07-16 10:37:26.460  INFO 17212 --- [http-nio-8080-exec-1] o.s.web.servlet.DispatcherServlet        : Initializing Servlet 'dispatcherServlet'
2022-07-16 10:37:26.466  INFO 17212 --- [http-nio-8080-exec-1] o.s.web.servlet.DispatcherServlet        : Completed initialization in 6 ms
2022-07-16 10:37:32.843 DEBUG 17212 --- [http-nio-8080-exec-7] c.y.l.m.SysUserMapper.selectByUsername   : ==>  Preparing: select id, username, salt, `password`, phone, dept_id, real_name, nick_name, email, `status`, sex, deleted, create_id, update_id, create_where, create_time, update_time from sys_user where username=? and deleted=1 
2022-07-16 10:37:32.853 DEBUG 17212 --- [http-nio-8080-exec-7] c.y.l.m.SysUserMapper.selectByUsername   : ==> Parameters: admin(String)
2022-07-16 10:37:32.889 DEBUG 17212 --- [http-nio-8080-exec-7] c.y.l.m.SysUserMapper.selectByUsername   : <==      Total: 1
2022-07-16 10:37:32.893 DEBUG 17212 --- [http-nio-8080-exec-7] c.y.l.m.S.getRoleIdsByUserId             : ==>  Preparing: select role_id from sys_user_role where user_id=? 
2022-07-16 10:37:32.894 DEBUG 17212 --- [http-nio-8080-exec-7] c.y.l.m.S.getRoleIdsByUserId             : ==> Parameters: fcf34b56-a7a2-4719-9236-867495e74c31(String)
2022-07-16 10:37:32.898 DEBUG 17212 --- [http-nio-8080-exec-7] c.y.l.m.S.getRoleIdsByUserId             : <==      Total: 2
2022-07-16 10:37:32.907 DEBUG 17212 --- [http-nio-8080-exec-7] c.y.l.m.SysRoleMapper.selectNamesByIds   : ==>  Preparing: select name from sys_role where id in ( ? , ? ) and deleted=1 
2022-07-16 10:37:32.907 DEBUG 17212 --- [http-nio-8080-exec-7] c.y.l.m.SysRoleMapper.selectNamesByIds   : ==> Parameters: f9790baf-243f-4a63-a87b-b987788f115d(String), b125dbb8-459e-409f-bd1f-d17966568eda(String)
2022-07-16 10:37:32.912 DEBUG 17212 --- [http-nio-8080-exec-7] c.y.l.m.SysRoleMapper.selectNamesByIds   : <==      Total: 2
2022-07-16 10:37:32.914 DEBUG 17212 --- [http-nio-8080-exec-7] c.y.l.m.S.getRoleIdsByUserId             : ==>  Preparing: select role_id from sys_user_role where user_id=? 
2022-07-16 10:37:32.914 DEBUG 17212 --- [http-nio-8080-exec-7] c.y.l.m.S.getRoleIdsByUserId             : ==> Parameters: fcf34b56-a7a2-4719-9236-867495e74c31(String)
2022-07-16 10:37:32.915 DEBUG 17212 --- [http-nio-8080-exec-7] c.y.l.m.S.getRoleIdsByUserId             : <==      Total: 2
2022-07-16 10:37:32.915 DEBUG 17212 --- [http-nio-8080-exec-7] c.y.l.m.S.getPermissionIdsByRoleIds      : ==>  Preparing: select permission_id from sys_role_permission where role_id in ( ? , ? ) 
2022-07-16 10:37:32.916 DEBUG 17212 --- [http-nio-8080-exec-7] c.y.l.m.S.getPermissionIdsByRoleIds      : ==> Parameters: f9790baf-243f-4a63-a87b-b987788f115d(String), b125dbb8-459e-409f-bd1f-d17966568eda(String)
2022-07-16 10:37:32.921 DEBUG 17212 --- [http-nio-8080-exec-7] c.y.l.m.S.getPermissionIdsByRoleIds      : <==      Total: 61
2022-07-16 10:37:32.922 DEBUG 17212 --- [http-nio-8080-exec-7] c.y.l.m.SysPermissionMapper.selectByIds  : ==>  Preparing: select id, code, `name`, perms, url, `method`, pid, order_num, `type`, `status`, create_time, update_time, deleted from sys_permission where id in ( ? , ? , ? , ? , ? , ? , ? , ? , ? , ? , ? , ? , ? , ? , ? , ? , ? , ? , ? , ? , ? , ? , ? , ? , ? , ? , ? , ? , ? , ? , ? , ? , ? , ? , ? , ? , ? , ? , ? , ? , ? , ? , ? , ? , ? , ? , ? , ? , ? , ? , ? , ? , ? , ? , ? , ? , ? , ? , ? , ? , ? ) and deleted=1 and `status`=1 order by order_num desc 
2022-07-16 10:37:32.923 DEBUG 17212 --- [http-nio-8080-exec-7] c.y.l.m.SysPermissionMapper.selectByIds  : ==> Parameters: d41c2bc3-454c-4f62-84fe-97825d5cf8a7(String), 013095aa-0f4d-4c32-b30e-229a587e52ad(String), 65734896-90c5-4b48-b9e8-dee47a74a297(String), 8f393e44-b585-4875-866d-71f88fea9659(String), 8180e320-e2bf-470c-bb42-80fb5bf9f5c3(String), c198d1cb-ad4d-4001-9375-9ec8ee04053d(String), 390ded0e-9f48-40a7-a841-791c203f22ae(String), c095273c-7917-4503-8569-6a67a9979d56(String), 2eeaa020-74d5-4c4b-9849-2cf4bd68fed9(String), f9f4d9f4-a2f5-430c-9f2d-6c8e650a8c39(String), 145cb90b-d205-40f6-8a2d-703f41ed1feb(String), 145cb90b-d205-40f6-8a2d-703f41ed1feb(String), 346df872-8964-4455-8afd-ffa6308fb18a(String), 9ce621a0-ee2c-4cf6-b7bd-012a1a01ba63(String), 94fe50a9-f5af-4f3c-84e4-18b3a84d7a58(String), b7348d63-c4d3-406d-9e46-543346674275(String), 90b3be91-5e9d-42f8-81fb-0c9ef3014faa(String), 7141c2e9-6d50-46b6-94e8-100466b7249f(String), 290c0240-0914-487c-b4e9-6635bf5ebfec(String), 2ae13993-9501-46d5-8473-fe45fee57f3b(String), 013095aa-0f4d-4c32-b30e-229a587e52ad(String), 0545d9d1-c82c-44c2-85e5-0b6ac4042515(String), e136cc74-9817-4ef1-b181-8f1afd7e102c(String), bb5ca869-0303-4fc0-b067-936cba7d1cc8(String), ccef525e-3392-45f8-969f-d552b142dc0f(String), 2f9a3f67-6ef3-4eac-b9a1-c0e898718d0c(String), 84b9b525-aa44-4b16-9900-adca26115a37(String), 2eeaa020-74d5-4c4b-9849-2cf4bd68fed9(String), 39313e6a-14ed-4224-a91e-ef6a10ba54cd(String), e136cc74-9817-4ef1-b181-8f1afd7e102c(String), d60faf3e-9a72-49d5-b02d-a67bfeff07fa(String), 4caeb861-354c-45f6-98b4-59f486beb511(String), d60faf3e-9a72-49d5-b02d-a67bfeff07fa(String), 15bb6aff-2e3b-490a-a21f-0167ae0ebc0d(String), 84b9b525-aa44-4b16-9900-adca26115a37(String), 47697e92-e199-4420-a2c2-09ec1b08cb9d(String), 90b3be91-5e9d-42f8-81fb-0c9ef3014faa(String), 65734896-90c5-4b48-b9e8-dee47a74a297(String), 346df872-8964-4455-8afd-ffa6308fb18a(String), b7348d63-c4d3-406d-9e46-543346674275(String), f1ea1abb-3dde-4196-b054-2ae2fcfe7c23(String), 2446fd0d-11ba-44aa-9128-531e38ec3b7a(String), 5695ed19-5620-4da4-8cb0-159f34ae6591(String), 9ce621a0-ee2c-4cf6-b7bd-012a1a01ba63(String), 26694831-fc81-4590-9095-af7e55b9819a(String), f9f4d9f4-a2f5-430c-9f2d-6c8e650a8c39(String), 39313e6a-14ed-4224-a91e-ef6a10ba54cd(String), 47697e92-e199-4420-a2c2-09ec1b08cb9d(String), 27acf73b-2fcb-451b-bdc4-e11e5ab41e2a(String), 24b7b13c-f00f-4e6b-a221-fe2d780e4d4f(String), bb5ca869-0303-4fc0-b067-936cba7d1cc8(String), 8f393e44-b585-4875-866d-71f88fea9659(String), 390ded0e-9f48-40a7-a841-791c203f22ae(String), 075224a7-1805-4f2f-a325-157effaf0004(String), 2ae13993-9501-46d5-8473-fe45fee57f3b(String), 27acf73b-2fcb-451b-bdc4-e11e5ab41e2a(String), 2f9a3f67-6ef3-4eac-b9a1-c0e898718d0c(String), d41c2bc3-454c-4f62-84fe-97825d5cf8a7(String), 290c0240-0914-487c-b4e9-6635bf5ebfec(String), 03dc1cbf-ef44-4326-a7dc-10fe16d22dad(String), c198d1cb-ad4d-4001-9375-9ec8ee04053d(String)
2022-07-16 10:37:32.934 DEBUG 17212 --- [http-nio-8080-exec-7] c.y.l.m.SysPermissionMapper.selectByIds  : <==      Total: 38
2022-07-16 10:37:33.075  INFO 17212 --- [http-nio-8080-exec-7] c.y.lesson.service.impl.UserServiceImpl  : accessToken=eyJ0eXAiOiJKV1QiLCJhbGciOiJIUzI1NiJ9.eyJzdWIiOiJmY2YzNGI1Ni1hN2EyLTQ3MTktOTIzNi04Njc0OTVlNzRjMzEiLCJyb2xlcy1pbmZvcy1rZXkiOlsi6LaF57qn566h55CG5ZGYIiwidGVzdDLmtYvor5Xop5LoibIiXSwicGVybWlzc2lvbnMtaW5mb3Mta2V5IjpbInN5czpkZXB0OmFkZCIsInN5czpsb2c6bGlzdCIsInN5czpyb3RhdGlvbjpkZWxldGUiLCJzeXM6dXNlcjpkZWxldGUiLCJzeXM6bG9nOmRlbGV0ZSIsInN5czpyb3RhdGlvbjpsaXN0Iiwic3lzOmRlcHQ6ZGVsZXRlIiwic3lzOnVzZXI6YWRkIiwic3lzOnJvbGU6dXBkYXRlIiwic3lzOnBlcm1pc3Npb246ZGVsZXRlIiwic3lzOnBlcm1pc3Npb246bGlzdCIsInN5czpkZXB0Omxpc3QiLCJzeXM6dXNlcjpsaXN0Iiwic3lzOnJvdGF0aW9uOnVwZGF0ZSIsInN5czpyb2xlOmRlbGV0ZSIsInN5czpyb2xlOmFkZCIsInN5czpyb2xlOmRldGFpbCIsInN5czpkZXB0OnVwZGF0ZSIsInN5czpwZXJtaXNzaW9uOnVwZGF0ZSIsInN5czp1c2VyOnJvbGU6dXBkYXRlIiwic3lzOnVzZXI6dXBkYXRlIiwic3lzOnBlcm1pc3Npb246YWRkIiwic3lzOnJvbGU6bGlzdCIsInN5czpyb3RhdGlvbjphZGQiXSwiaXNzIjoieWluZ3h1ZS5vcmcuY24iLCJqd3QtdXNlci1uYW1lLWtleSI6ImFkbWluIiwiZXhwIjoxNjU3OTQ2MjUzLCJpYXQiOjE2NTc5MzkwNTN9.NlyGxnnD7Ukykhjfav03yNeFcsvKvAapelCBpOoOPxY
2022-07-16 10:37:33.075  INFO 17212 --- [http-nio-8080-exec-7] c.y.lesson.service.impl.UserServiceImpl  : refreshToken=eyJ0eXAiOiJKV1QiLCJhbGciOiJIUzI1NiJ9.eyJzdWIiOiJmY2YzNGI1Ni1hN2EyLTQ3MTktOTIzNi04Njc0OTVlNzRjMzEiLCJpc3MiOiJ5aW5neHVlLm9yZy5jbiIsImp3dC11c2VyLW5hbWUta2V5IjoiYWRtaW4iLCJleHAiOjE2NTc5Njc4NTMsImlhdCI6MTY1NzkzOTA1M30.stw3e60wq8U_hqfRPjnPT8X-1ZMziNXR6SuzYJXV7QE
2022-07-16 10:37:33.249  INFO 17212 --- [http-nio-8080-exec-9] c.y.l.shiro.CustomAccessControlFilter    : request 接口地址：/api/home
2022-07-16 10:37:33.249  INFO 17212 --- [http-nio-8080-exec-9] c.y.l.shiro.CustomAccessControlFilter    : request 接口的请求方式GET
2022-07-16 10:37:33.264  INFO 17212 --- [http-nio-8080-exec-9] c.y.l.s.CustomHashedCredentialsMatcher   : doCredentialsMatch....userId=fcf34b56-a7a2-4719-9236-867495e74c31
2022-07-16 10:37:33.344  INFO 17212 --- [http-nio-8080-exec-9] io.lettuce.core.EpollProvider            : Starting without optional epoll library
2022-07-16 10:37:33.345  INFO 17212 --- [http-nio-8080-exec-9] io.lettuce.core.KqueueProvider           : Starting without optional kqueue library
2022-07-16 10:37:33.742 DEBUG 17212 --- [http-nio-8080-exec-9] c.y.l.m.S.getRoleIdsByUserId             : ==>  Preparing: select role_id from sys_user_role where user_id=? 
2022-07-16 10:37:33.742 DEBUG 17212 --- [http-nio-8080-exec-9] c.y.l.m.S.getRoleIdsByUserId             : ==> Parameters: fcf34b56-a7a2-4719-9236-867495e74c31(String)
2022-07-16 10:37:33.742 DEBUG 17212 --- [http-nio-8080-exec-9] c.y.l.m.S.getRoleIdsByUserId             : <==      Total: 2
2022-07-16 10:37:33.743 DEBUG 17212 --- [http-nio-8080-exec-9] c.y.l.m.S.getPermissionIdsByRoleIds      : ==>  Preparing: select permission_id from sys_role_permission where role_id in ( ? , ? ) 
2022-07-16 10:37:33.743 DEBUG 17212 --- [http-nio-8080-exec-9] c.y.l.m.S.getPermissionIdsByRoleIds      : ==> Parameters: f9790baf-243f-4a63-a87b-b987788f115d(String), b125dbb8-459e-409f-bd1f-d17966568eda(String)
2022-07-16 10:37:33.744 DEBUG 17212 --- [http-nio-8080-exec-9] c.y.l.m.S.getPermissionIdsByRoleIds      : <==      Total: 61
2022-07-16 10:37:33.745 DEBUG 17212 --- [http-nio-8080-exec-9] c.y.l.m.SysPermissionMapper.selectByIds  : ==>  Preparing: select id, code, `name`, perms, url, `method`, pid, order_num, `type`, `status`, create_time, update_time, deleted from sys_permission where id in ( ? , ? , ? , ? , ? , ? , ? , ? , ? , ? , ? , ? , ? , ? , ? , ? , ? , ? , ? , ? , ? , ? , ? , ? , ? , ? , ? , ? , ? , ? , ? , ? , ? , ? , ? , ? , ? , ? , ? , ? , ? , ? , ? , ? , ? , ? , ? , ? , ? , ? , ? , ? , ? , ? , ? , ? , ? , ? , ? , ? , ? ) and deleted=1 and `status`=1 order by order_num desc 
2022-07-16 10:37:33.745 DEBUG 17212 --- [http-nio-8080-exec-9] c.y.l.m.SysPermissionMapper.selectByIds  : ==> Parameters: d41c2bc3-454c-4f62-84fe-97825d5cf8a7(String), 013095aa-0f4d-4c32-b30e-229a587e52ad(String), 65734896-90c5-4b48-b9e8-dee47a74a297(String), 8f393e44-b585-4875-866d-71f88fea9659(String), 8180e320-e2bf-470c-bb42-80fb5bf9f5c3(String), c198d1cb-ad4d-4001-9375-9ec8ee04053d(String), 390ded0e-9f48-40a7-a841-791c203f22ae(String), c095273c-7917-4503-8569-6a67a9979d56(String), 2eeaa020-74d5-4c4b-9849-2cf4bd68fed9(String), f9f4d9f4-a2f5-430c-9f2d-6c8e650a8c39(String), 145cb90b-d205-40f6-8a2d-703f41ed1feb(String), 145cb90b-d205-40f6-8a2d-703f41ed1feb(String), 346df872-8964-4455-8afd-ffa6308fb18a(String), 9ce621a0-ee2c-4cf6-b7bd-012a1a01ba63(String), 94fe50a9-f5af-4f3c-84e4-18b3a84d7a58(String), b7348d63-c4d3-406d-9e46-543346674275(String), 90b3be91-5e9d-42f8-81fb-0c9ef3014faa(String), 7141c2e9-6d50-46b6-94e8-100466b7249f(String), 290c0240-0914-487c-b4e9-6635bf5ebfec(String), 2ae13993-9501-46d5-8473-fe45fee57f3b(String), 013095aa-0f4d-4c32-b30e-229a587e52ad(String), 0545d9d1-c82c-44c2-85e5-0b6ac4042515(String), e136cc74-9817-4ef1-b181-8f1afd7e102c(String), bb5ca869-0303-4fc0-b067-936cba7d1cc8(String), ccef525e-3392-45f8-969f-d552b142dc0f(String), 2f9a3f67-6ef3-4eac-b9a1-c0e898718d0c(String), 84b9b525-aa44-4b16-9900-adca26115a37(String), 2eeaa020-74d5-4c4b-9849-2cf4bd68fed9(String), 39313e6a-14ed-4224-a91e-ef6a10ba54cd(String), e136cc74-9817-4ef1-b181-8f1afd7e102c(String), d60faf3e-9a72-49d5-b02d-a67bfeff07fa(String), 4caeb861-354c-45f6-98b4-59f486beb511(String), d60faf3e-9a72-49d5-b02d-a67bfeff07fa(String), 15bb6aff-2e3b-490a-a21f-0167ae0ebc0d(String), 84b9b525-aa44-4b16-9900-adca26115a37(String), 47697e92-e199-4420-a2c2-09ec1b08cb9d(String), 90b3be91-5e9d-42f8-81fb-0c9ef3014faa(String), 65734896-90c5-4b48-b9e8-dee47a74a297(String), 346df872-8964-4455-8afd-ffa6308fb18a(String), b7348d63-c4d3-406d-9e46-543346674275(String), f1ea1abb-3dde-4196-b054-2ae2fcfe7c23(String), 2446fd0d-11ba-44aa-9128-531e38ec3b7a(String), 5695ed19-5620-4da4-8cb0-159f34ae6591(String), 9ce621a0-ee2c-4cf6-b7bd-012a1a01ba63(String), 26694831-fc81-4590-9095-af7e55b9819a(String), f9f4d9f4-a2f5-430c-9f2d-6c8e650a8c39(String), 39313e6a-14ed-4224-a91e-ef6a10ba54cd(String), 47697e92-e199-4420-a2c2-09ec1b08cb9d(String), 27acf73b-2fcb-451b-bdc4-e11e5ab41e2a(String), 24b7b13c-f00f-4e6b-a221-fe2d780e4d4f(String), bb5ca869-0303-4fc0-b067-936cba7d1cc8(String), 8f393e44-b585-4875-866d-71f88fea9659(String), 390ded0e-9f48-40a7-a841-791c203f22ae(String), 075224a7-1805-4f2f-a325-157effaf0004(String), 2ae13993-9501-46d5-8473-fe45fee57f3b(String), 27acf73b-2fcb-451b-bdc4-e11e5ab41e2a(String), 2f9a3f67-6ef3-4eac-b9a1-c0e898718d0c(String), d41c2bc3-454c-4f62-84fe-97825d5cf8a7(String), 290c0240-0914-487c-b4e9-6635bf5ebfec(String), 03dc1cbf-ef44-4326-a7dc-10fe16d22dad(String), c198d1cb-ad4d-4001-9375-9ec8ee04053d(String)
2022-07-16 10:37:33.755 DEBUG 17212 --- [http-nio-8080-exec-9] c.y.l.m.SysPermissionMapper.selectByIds  : <==      Total: 38
2022-07-16 10:37:33.758 DEBUG 17212 --- [http-nio-8080-exec-9] c.y.l.m.S.selectByPrimaryKey             : ==>  Preparing: select id, username, salt, `password`, phone, dept_id, real_name, nick_name, email, `status`, sex, deleted, create_id, update_id, create_where, create_time, update_time from sys_user where id = ? 
2022-07-16 10:37:33.758 DEBUG 17212 --- [http-nio-8080-exec-9] c.y.l.m.S.selectByPrimaryKey             : ==> Parameters: fcf34b56-a7a2-4719-9236-867495e74c31(String)
2022-07-16 10:37:33.759 DEBUG 17212 --- [http-nio-8080-exec-9] c.y.l.m.S.selectByPrimaryKey             : <==      Total: 1
2022-07-16 10:37:33.762  INFO 17212 --- [http-nio-8080-exec-9] c.y.lesson.aop.aspect.SysLogAspect       : 请求com.yingxue.lesson.controller.HomeController.getHome耗时22毫秒
2022-07-16 10:37:33.819  INFO 17212 --- [http-nio-8080-exec-9] c.y.lesson.aop.aspect.SysLogAspect       : Ip0:0:0:0:0:0:0:1，接口地址http://localhost:8080/api/home，请求方式GET，入参：null
2022-07-16 10:37:33.820  INFO 17212 --- [http-nio-8080-exec-9] c.y.lesson.aop.aspect.SysLogAspect       : SysLog(id=0d7f4898-ef7c-4ea3-94d2-5312385eb2a7, userId=fcf34b56-a7a2-4719-9236-867495e74c31, username=admin, operation=首页模块-获取首页数据接口, time=22, method=com.yingxue.lesson.controller.HomeController.getHome(), params=null, ip=0:0:0:0:0:0:0:1, createTime=Sat Jul 16 10:37:33 CST 2022)
2022-07-16 10:37:33.823 DEBUG 17212 --- [http-nio-8080-exec-9] c.y.l.m.SysLogMapper.insertSelective     : ==>  Preparing: insert into sys_log ( id, user_id, username, `operation`, `time`, `method`, ip, create_time ) values ( ?, ?, ?, ?, ?, ?, ?, ? ) 
2022-07-16 10:37:33.824 DEBUG 17212 --- [http-nio-8080-exec-9] c.y.l.m.SysLogMapper.insertSelective     : ==> Parameters: 0d7f4898-ef7c-4ea3-94d2-5312385eb2a7(String), fcf34b56-a7a2-4719-9236-867495e74c31(String), admin(String), 首页模块-获取首页数据接口(String), 22(Integer), com.yingxue.lesson.controller.HomeController.getHome()(String), 0:0:0:0:0:0:0:1(String), 2022-07-16 10:37:33.82(Timestamp)
2022-07-16 10:37:33.838 DEBUG 17212 --- [http-nio-8080-exec-9] c.y.l.m.SysLogMapper.insertSelective     : <==    Updates: 1
